c:\users\kisim\desktop\c++\프로젝트\vcpp-project\ms\ms\x64\debug\vc143.pdb
c:\users\kisim\desktop\c++\프로젝트\vcpp-project\ms\ms\x64\debug\vc143.idb
c:\users\kisim\desktop\c++\프로젝트\vcpp-project\ms\ms\x64\debug\ms.nativecodeanalysis.sarif
c:\users\kisim\desktop\c++\프로젝트\vcpp-project\ms\ms\x64\debug\ms.nativecodeanalysis.xml
c:\users\kisim\desktop\c++\프로젝트\vcpp-project\ms\ms\x64\debug\ms_interface.nativecodeanalysis.sarif
c:\users\kisim\desktop\c++\프로젝트\vcpp-project\ms\ms\x64\debug\ms_interface.nativecodeanalysis.xml
c:\users\kisim\desktop\c++\프로젝트\vcpp-project\ms\ms\x64\debug\ms_level.nativecodeanalysis.sarif
c:\users\kisim\desktop\c++\프로젝트\vcpp-project\ms\ms\x64\debug\ms_level.nativecodeanalysis.xml
c:\users\kisim\desktop\c++\프로젝트\vcpp-project\ms\ms\x64\debug\ms_logic.nativecodeanalysis.sarif
c:\users\kisim\desktop\c++\프로젝트\vcpp-project\ms\ms\x64\debug\ms_logic.nativecodeanalysis.xml
c:\users\kisim\desktop\c++\프로젝트\vcpp-project\ms\ms\x64\debug\ms_logic.obj
c:\users\kisim\desktop\c++\프로젝트\vcpp-project\ms\ms\x64\debug\ms_level.obj
c:\users\kisim\desktop\c++\프로젝트\vcpp-project\ms\ms\x64\debug\ms_interface.obj
c:\users\kisim\desktop\c++\프로젝트\vcpp-project\ms\ms\x64\debug\ms.obj
c:\users\kisim\desktop\c++\프로젝트\vcpp-project\ms\ms\x64\debug\ms.res
c:\users\kisim\desktop\c++\프로젝트\vcpp-project\ms\x64\debug\ms.pdb
c:\users\kisim\desktop\c++\프로젝트\vcpp-project\ms\ms\x64\debug\ms.tlog\cl.command.1.tlog
c:\users\kisim\desktop\c++\프로젝트\vcpp-project\ms\ms\x64\debug\ms.tlog\cl.read.1.tlog
c:\users\kisim\desktop\c++\프로젝트\vcpp-project\ms\ms\x64\debug\ms.tlog\cl.write.1.tlog
c:\users\kisim\desktop\c++\프로젝트\vcpp-project\ms\ms\x64\debug\ms.tlog\link-cvtres.read.1.tlog
c:\users\kisim\desktop\c++\프로젝트\vcpp-project\ms\ms\x64\debug\ms.tlog\link-cvtres.write.1.tlog
c:\users\kisim\desktop\c++\프로젝트\vcpp-project\ms\ms\x64\debug\ms.tlog\link-rc.read.1.tlog
c:\users\kisim\desktop\c++\프로젝트\vcpp-project\ms\ms\x64\debug\ms.tlog\link-rc.write.1.tlog
c:\users\kisim\desktop\c++\프로젝트\vcpp-project\ms\ms\x64\debug\ms.tlog\link.command.1.tlog
c:\users\kisim\desktop\c++\프로젝트\vcpp-project\ms\ms\x64\debug\ms.tlog\link.read.1.tlog
c:\users\kisim\desktop\c++\프로젝트\vcpp-project\ms\ms\x64\debug\ms.tlog\link.read.2.tlog
c:\users\kisim\desktop\c++\프로젝트\vcpp-project\ms\ms\x64\debug\ms.tlog\link.write.1.tlog
c:\users\kisim\desktop\c++\프로젝트\vcpp-project\ms\ms\x64\debug\ms.tlog\rc.command.1.tlog
c:\users\kisim\desktop\c++\프로젝트\vcpp-project\ms\ms\x64\debug\ms.tlog\rc.read.1.tlog
c:\users\kisim\desktop\c++\프로젝트\vcpp-project\ms\ms\x64\debug\ms.tlog\rc.write.1.tlog
